<?xml version="1.0" encoding="UTF-8"?>
<!-- Generated by org.testng.reporters.JUnitXMLReporter -->
<testsuite hostname="xpitax-11568" ignored="0" name="Test1" tests="3" failures="0" timestamp="29 May 2019 12:50:38 GMT" time="13.928" errors="0">
  <testcase name="gSearch2" time="2.431" classname="test.TestNG_Test1"/>
  <testcase name="gSearch" time="2.817" classname="test.TestNG_Annoation"/>
  <testcase name="gSearch3" time="2.083" classname="test.TestNG_Test1"/>
</testsuite> <!-- Test1 -->
