<?xml version="1.0" encoding="UTF-8"?>
<testng-results skipped="0" failed="0" ignored="0" total="1" passed="1">
  <reporter-output>
  </reporter-output>
  <suite name="Default suite" duration-ms="8103" started-at="2019-05-30T09:30:21Z" finished-at="2019-05-30T09:30:29Z">
    <groups>
    </groups>
    <test name="Default test" duration-ms="8103" started-at="2019-05-30T09:30:21Z" finished-at="2019-05-30T09:30:29Z">
      <class name="test.TestNG_Annoation">
        <test-method status="PASS" signature="setUpTest()[pri:0, instance:test.TestNG_Annoation@343f4d3d]" name="setUpTest" is-config="true" duration-ms="3181" started-at="2019-05-30T09:30:21Z" finished-at="2019-05-30T09:30:24Z">
          <reporter-output>
          </reporter-output>
        </test-method> <!-- setUpTest -->
        <test-method status="PASS" signature="gSearch()[pri:0, instance:test.TestNG_Annoation@343f4d3d]" name="gSearch" duration-ms="2567" started-at="2019-05-30T09:30:24Z" finished-at="2019-05-30T09:30:26Z">
          <reporter-output>
          </reporter-output>
        </test-method> <!-- gSearch -->
        <test-method status="PASS" signature="tearDownTest()[pri:0, instance:test.TestNG_Annoation@343f4d3d]" name="tearDownTest" is-config="true" duration-ms="2334" started-at="2019-05-30T09:30:26Z" finished-at="2019-05-30T09:30:29Z">
          <reporter-output>
          </reporter-output>
        </test-method> <!-- tearDownTest -->
      </class> <!-- test.TestNG_Annoation -->
    </test> <!-- Default test -->
  </suite> <!-- Default suite -->
</testng-results>
